TN:
SF:/Users/nikos/Desktop/rareskills-advanced-solidity/week7-8 Testing/lib/openzeppelin-contracts-upgradeable/lib/openzeppelin-contracts/contracts/access/Ownable.sol
DA:1,0
DA:38,1
DA:39,3
DA:40,0
DA:42,5
DA:49,12
DA:56,1
DA:57,2
DA:63,1
DA:64,3
DA:65,0
DA:76,1
DA:77,1
DA:84,13
DA:85,5
DA:86,0
DA:88,5
DA:95,8
DA:96,22
DA:97,18
DA:98,10
end_of_record

SF:/Users/nikos/Desktop/rareskills-advanced-solidity/week7-8 Testing/lib/openzeppelin-contracts-upgradeable/lib/openzeppelin-contracts/contracts/interfaces/draft-IERC6093.sol
end_of_record

SF:/Users/nikos/Desktop/rareskills-advanced-solidity/week7-8 Testing/lib/openzeppelin-contracts-upgradeable/lib/openzeppelin-contracts/contracts/token/ERC20/ERC20.sol
DA:45,2
DA:46,6
DA:47,8
DA:53,8
DA:54,0
DA:61,0
DA:62,0
DA:78,0
DA:79,0
DA:85,4
DA:86,0
DA:92,10
DA:93,13
DA:104,0
DA:106,0
DA:113,0
DA:114,25
DA:127,22
DA:129,6
DA:130,4
DA:149,14
DA:151,6
DA:152,7
DA:153,2
DA:166,1
DA:167,5
DA:168,0
DA:170,5
DA:171,0
DA:173,6
DA:183,10
DA:184,14
DA:186,15
DA:188,14
DA:189,7
DA:190,0
DA:194,19
DA:198,12
DA:201,0
DA:206,38
DA:210,36
DA:221,4
DA:222,5
DA:223,0
DA:225,7
DA:258,1
DA:259,7
DA:280,6
DA:281,5
DA:282,0
DA:284,5
DA:285,0
DA:287,28
DA:288,4
DA:289,18
DA:301,6
DA:302,1
DA:303,4
DA:304,7
DA:305,8
DA:308,10
end_of_record

SF:/Users/nikos/Desktop/rareskills-advanced-solidity/week7-8 Testing/lib/openzeppelin-contracts-upgradeable/lib/openzeppelin-contracts/contracts/token/ERC20/IERC20.sol
end_of_record

SF:/Users/nikos/Desktop/rareskills-advanced-solidity/week7-8 Testing/lib/openzeppelin-contracts-upgradeable/lib/openzeppelin-contracts/contracts/token/ERC20/extensions/IERC20Metadata.sol
end_of_record

SF:/Users/nikos/Desktop/rareskills-advanced-solidity/week7-8 Testing/lib/openzeppelin-contracts-upgradeable/lib/openzeppelin-contracts/contracts/utils/Context.sol
DA:18,1
end_of_record

SF:/Users/nikos/Desktop/rareskills-advanced-solidity/week7-8 Testing/src/Dex/Dex.sol
DA:8,77
DA:9,0
DA:10,0
DA:12,8
DA:14,12
DA:15,13
DA:16,12
DA:19,14
DA:20,68
DA:23,16
DA:24,56
DA:25,72
DA:26,10
DA:27,74
DA:28,58
DA:29,68
DA:32,5
DA:33,127
DA:36,2
DA:37,0
DA:38,0
DA:41,6
DA:42,3
DA:46,62
DA:49,27
DA:50,3
DA:52,10
DA:53,15
DA:56,4
DA:57,8
DA:58,1
end_of_record

SF:/Users/nikos/Desktop/rareskills-advanced-solidity/week7-8 Testing/src/Dex/EchidnaContract.sol
DA:10,63
DA:19,6
DA:20,8
DA:22,41
DA:24,50
DA:25,41
DA:28,63
DA:29,65
DA:31,50
DA:33,46
DA:34,46
DA:39,70
DA:40,68
DA:43,46
DA:46,15
DA:48,63
DA:51,11
DA:52,25
DA:55,0
DA:56,0
DA:57,0
DA:58,0
DA:59,0
DA:60,0
end_of_record

