TN:
SF:src/Ecosystem1/RewardToken.sol
FN:9,RewardToken.
FNDA:3,RewardToken.
DA:11,3
DA:11,3
FN:14,RewardToken.mint
FNDA:2,RewardToken.mint
DA:15,2
DA:15,2
BRDA:15,0,0,1
BRDA:15,0,1,1
DA:16,1
DA:16,1
FNF:2
FNH:2
LF:3
LH:3
BRF:2
BRH:2
end_of_record
TN:
SF:src/Ecosystem1/SCEcosystem1.sol
FN:25,SCEcosystem1.maxSupply
FNDA:1004,SCEcosystem1.maxSupply
DA:26,1004
DA:26,1004
BRDA:26,0,0,-
BRDA:26,0,1,5
FN:30,SCEcosystem1.
FNDA:9,SCEcosystem1.
DA:31,9
DA:31,9
DA:32,9
DA:32,9
FN:35,SCEcosystem1.mint
FNDA:1004,SCEcosystem1.mint
DA:37,1003
DA:37,1003
BRDA:37,1,0,1
BRDA:37,1,1,1002
DA:39,1002
DA:39,1002
DA:42,1002
DA:42,1002
FN:45,SCEcosystem1.mintWithDiscount
FNDA:5,SCEcosystem1.mintWithDiscount
DA:47,5
DA:47,5
BRDA:47,2,0,1
BRDA:47,2,1,4
DA:49,4
DA:49,4
BRDA:49,3,0,1
BRDA:49,3,1,3
DA:52,3
DA:52,3
DA:55,2
DA:55,2
DA:57,2
DA:57,2
DA:58,2
DA:58,2
FN:62,SCEcosystem1._verifyProof
FNDA:3,SCEcosystem1._verifyProof
DA:63,3
DA:63,3
DA:63,3
DA:64,3
DA:64,3
DA:65,3
DA:65,3
DA:66,3
DA:66,3
BRDA:66,4,0,1
BRDA:66,4,1,2
FN:69,SCEcosystem1.supportsInterface
FNDA:1,SCEcosystem1.supportsInterface
DA:70,1
DA:70,1
DA:70,1
FN:73,SCEcosystem1.withdraw
FNDA:2,SCEcosystem1.withdraw
DA:74,2
DA:74,2
DA:74,2
DA:76,2
DA:76,2
BRDA:76,5,0,1
BRDA:76,5,1,1
FNF:7
FNH:7
LF:19
LH:19
BRF:12
BRH:11
end_of_record
TN:
SF:src/Ecosystem1/Staking.sol
FN:22,Staking.
FNDA:0,Staking.
DA:23,0
DA:23,0
DA:24,0
DA:24,0
FN:27,Staking.onERC721Received
FNDA:9,Staking.onERC721Received
DA:34,9
DA:34,9
DA:35,9
DA:35,9
FN:39,Staking.stake
FNDA:9,Staking.stake
DA:46,9
DA:46,9
DA:47,9
DA:47,9
DA:47,9
DA:49,9
DA:49,9
FN:52,Staking.withdrawRewards
FNDA:4,Staking.withdrawRewards
DA:53,6
DA:53,6
BRDA:53,0,0,1
BRDA:53,0,1,5
DA:54,5
DA:54,5
DA:55,5
DA:55,5
BRDA:55,1,0,1
BRDA:55,1,1,4
DA:59,4
DA:59,4
DA:59,4
DA:61,4
DA:61,4
BRDA:61,2,0,2
BRDA:61,2,1,2
DA:64,2
DA:64,2
DA:68,2
DA:68,2
DA:68,2
DA:68,2
DA:70,2
DA:70,2
FN:73,Staking.unstake
FNDA:4,Staking.unstake
DA:74,4
DA:74,4
BRDA:74,3,0,1
BRDA:74,3,1,3
DA:75,3
DA:75,3
BRDA:75,4,0,1
BRDA:75,4,1,2
DA:78,2
DA:78,2
DA:80,1
DA:80,1
DA:82,1
DA:82,1
DA:84,1
DA:84,1
FNF:5
FNH:4
LF:21
LH:19
BRF:10
BRH:10
end_of_record
TN:
SF:src/Ecosystem2/EnumerateNFT.sol
FN:13,EnumerateNFT.
FNDA:3,EnumerateNFT.
DA:14,3
DA:14,3
FN:17,EnumerateNFT.enumeratePrimeNFTs
FNDA:1,EnumerateNFT.enumeratePrimeNFTs
DA:18,1
DA:18,1
DA:18,1
DA:20,1
DA:20,1
DA:22,1
DA:22,1
DA:22,1
DA:24,1
DA:24,1
DA:24,74
DA:24,73
DA:25,73
DA:25,73
DA:29,1
DA:29,1
DA:39,73
DA:39,73
DA:31,73
BRDA:31,0,0,-
BRDA:31,0,1,24
DA:32,24
DA:33,24
DA:37,73
DA:42,1
DA:42,1
FN:45,EnumerateNFT.primeTest
FNDA:37,EnumerateNFT.primeTest
DA:46,110
DA:46,110
BRDA:46,1,0,3
BRDA:46,1,1,107
DA:47,3
DA:47,3
DA:50,107
DA:50,107
DA:50,2163
DA:50,2056
DA:51,2114
DA:51,2114
DA:51,2114
BRDA:51,2,0,58
BRDA:51,2,1,2056
DA:52,58
DA:52,58
DA:56,49
DA:56,49
FNF:3
FNH:3
LF:15
LH:15
BRF:6
BRH:5
end_of_record
TN:
SF:src/Ecosystem2/PrimeNFT.sol
FN:10,PrimeNFT.
FNDA:7,PrimeNFT.
FN:12,PrimeNFT.safeMint
FNDA:701,PrimeNFT.safeMint
DA:13,701
DA:13,701
FN:16,PrimeNFT.supportsInterface
FNDA:1,PrimeNFT.supportsInterface
DA:17,1
DA:17,1
DA:17,1
FN:20,PrimeNFT._update
FNDA:702,PrimeNFT._update
DA:21,702
DA:21,702
DA:21,702
FNF:4
FNH:4
LF:3
LH:3
BRF:0
BRH:0
end_of_record
TN:
SF:test/Ecosystem1/SCEcosystem1.t.sol
FN:15,OwnerTest.
FNDA:3,OwnerTest.
DA:16,3
DA:16,3
FN:19,OwnerTest.withdraw
FNDA:1,OwnerTest.withdraw
DA:20,1
DA:20,1
FN:23,OwnerTest.
FNDA:1,OwnerTest.
DA:24,1
DA:24,1
FNF:3
FNH:3
LF:3
LH:3
BRF:0
BRH:0
end_of_record
TN:
SF:test/Ecosystem1/Staking.t.sol
FN:10,MockNFT.
FNDA:0,MockNFT.
FN:12,MockNFT.mint
FNDA:20,MockNFT.mint
DA:13,20
DA:13,20
FN:20,MockRewardToken.mint
FNDA:2,MockRewardToken.mint
DA:21,2
DA:21,2
FNF:3
FNH:2
LF:2
LH:2
BRF:0
BRH:0
end_of_record
TN:
SF:test/Ecosystem2/PrimeNFT.t.sol
FN:16,TestERC721Receiver.onERC721Received
FNDA:0,TestERC721Receiver.onERC721Received
DA:22,0
DA:22,0
DA:25,0
DA:25,0
FNF:1
FNH:0
LF:2
LH:0
BRF:0
BRH:0
end_of_record
