TN:
SF:/Users/nikos/Desktop/rareskills-advanced-solidity/week7-8 Testing/lib/openzeppelin-contracts-upgradeable/lib/openzeppelin-contracts/contracts/access/Ownable.sol
DA:1,0
DA:38,1
DA:39,10
DA:40,0
DA:42,9
DA:49,12
DA:56,4
DA:57,13
DA:63,2
DA:64,16
DA:65,0
DA:76,0
DA:77,0
DA:84,22
DA:85,10
DA:86,0
DA:88,5
DA:95,8
DA:96,28
DA:97,42
DA:98,32
end_of_record

SF:/Users/nikos/Desktop/rareskills-advanced-solidity/week7-8 Testing/lib/openzeppelin-contracts-upgradeable/lib/openzeppelin-contracts/contracts/interfaces/draft-IERC6093.sol
end_of_record

SF:/Users/nikos/Desktop/rareskills-advanced-solidity/week7-8 Testing/lib/openzeppelin-contracts-upgradeable/lib/openzeppelin-contracts/contracts/token/ERC20/ERC20.sol
DA:45,2
DA:46,11
DA:47,11
DA:53,0
DA:54,0
DA:61,0
DA:62,0
DA:78,0
DA:79,0
DA:85,0
DA:86,0
DA:92,39
DA:93,21
DA:104,0
DA:105,0
DA:106,0
DA:107,0
DA:113,7
DA:114,38
DA:127,40
DA:128,7
DA:129,7
DA:130,4
DA:149,41
DA:150,7
DA:151,7
DA:152,7
DA:153,4
DA:166,5
DA:167,10
DA:168,0
DA:170,10
DA:171,0
DA:173,7
DA:183,10
DA:184,23
DA:186,19
DA:187,1
DA:188,22
DA:189,7
DA:190,0
DA:194,25
DA:198,22
DA:201,0
DA:206,62
DA:210,46
DA:221,4
DA:222,10
DA:223,0
DA:225,11
DA:258,5
DA:259,8
DA:280,6
DA:281,10
DA:282,0
DA:284,10
DA:285,0
DA:287,40
DA:288,5
DA:289,23
DA:301,6
DA:302,9
DA:303,6
DA:304,7
DA:305,25
DA:308,10
end_of_record

SF:/Users/nikos/Desktop/rareskills-advanced-solidity/week7-8 Testing/lib/openzeppelin-contracts-upgradeable/lib/openzeppelin-contracts/contracts/token/ERC20/IERC20.sol
end_of_record

SF:/Users/nikos/Desktop/rareskills-advanced-solidity/week7-8 Testing/lib/openzeppelin-contracts-upgradeable/lib/openzeppelin-contracts/contracts/token/ERC20/extensions/IERC20Metadata.sol
end_of_record

SF:/Users/nikos/Desktop/rareskills-advanced-solidity/week7-8 Testing/lib/openzeppelin-contracts-upgradeable/lib/openzeppelin-contracts/contracts/utils/Context.sol
DA:17,4
DA:18,3
end_of_record

SF:/Users/nikos/Desktop/rareskills-advanced-solidity/week7-8 Testing/src/Dex/Dex.sol
DA:8,78
DA:9,0
DA:10,0
DA:12,8
DA:14,23
DA:15,21
DA:16,21
DA:19,23
DA:20,72
DA:23,25
DA:24,88
DA:25,91
DA:26,10
DA:27,79
DA:28,70
DA:29,72
DA:32,8
DA:33,147
DA:36,0
DA:37,0
DA:38,0
DA:41,0
DA:42,0
DA:46,63
DA:49,34
DA:50,2
DA:52,10
DA:53,21
DA:56,0
DA:57,0
DA:58,0
end_of_record

SF:/Users/nikos/Desktop/rareskills-advanced-solidity/week7-8 Testing/src/Dex/EchidnaContract.sol
DA:10,64
DA:19,7
DA:20,21
DA:22,43
DA:24,52
DA:25,52
DA:28,89
DA:29,89
DA:31,83
DA:33,73
DA:34,73
DA:39,92
DA:40,92
DA:43,61
DA:46,22
DA:48,93
DA:51,22
DA:52,93
DA:55,0
DA:56,0
DA:57,0
DA:58,0
DA:59,0
DA:60,0
end_of_record

